<?xml version="1.0" encoding="UTF-8"?>
<!-- Generated by org.testng.reporters.JUnitReportReporter -->
<testsuite skipped="0" hostname="LAPTOP-DN1A88SJ" name="project.framework.Login_Verification" tests="4" failures="0" timestamp="18 Feb 2019 02:58:22 GMT" time="32.293" errors="0">
  <testcase name="LoginInfo" time="8.600" classname="project.framework.Login_Verification"/>
  <testcase name="LoginInfo" time="8.816" classname="project.framework.Login_Verification"/>
  <testcase name="LoginInfo" time="7.058" classname="project.framework.Login_Verification"/>
  <testcase name="LoginInfo" time="7.819" classname="project.framework.Login_Verification"/>
</testsuite> <!-- project.framework.Login_Verification -->
