<?xml version="1.0" encoding="UTF-8"?>
<!-- Generated by org.testng.reporters.JUnitReportReporter -->
<testsuite skipped="0" hostname="LAPTOP-DN1A88SJ" name="project.framework.Ecommerce" tests="1" failures="0" timestamp="18 Feb 2019 05:00:19 GMT" time="13.054" errors="0">
  <testcase name="itemVerification" time="13.054" classname="project.framework.Ecommerce"/>
</testsuite> <!-- project.framework.Ecommerce -->
