<?xml version="1.0" encoding="UTF-8"?>
<!-- Generated by org.testng.reporters.JUnitReportReporter -->
<testsuite skipped="0" hostname="LAPTOP-DN1A88SJ" name="project.framework.EcomTest02" tests="1" failures="0" timestamp="18 Feb 2019 06:08:33 GMT" time="12.172" errors="0">
  <testcase name="equalCost" time="12.172" classname="project.framework.EcomTest02"/>
</testsuite> <!-- project.framework.EcomTest02 -->
