<?xml version="1.0" encoding="UTF-8"?>
<!-- Generated by org.testng.reporters.JUnitReportReporter -->
<testsuite skipped="0" hostname="LAPTOP-DN1A88SJ" name="project.framework.Ecomtest07" tests="1" failures="0" timestamp="21 Feb 2019 03:48:47 GMT" time="19.696" errors="0">
  <testcase name="savingfile" time="19.696" classname="project.framework.Ecomtest07"/>
</testsuite> <!-- project.framework.Ecomtest07 -->
