<?xml version="1.0" encoding="UTF-8"?>
<!-- Generated by org.testng.reporters.JUnitReportReporter -->
<testsuite skipped="0" hostname="LAPTOP-DN1A88SJ" name="project.framework.EcomTest04" tests="1" failures="0" timestamp="20 Feb 2019 05:04:25 GMT" time="22.143" errors="0">
  <testcase name="comparingProduct" time="22.143" classname="project.framework.EcomTest04"/>
</testsuite> <!-- project.framework.EcomTest04 -->
