<?xml version="1.0" encoding="UTF-8"?>
<!-- Generated by org.testng.reporters.JUnitReportReporter -->
<testsuite skipped="0" hostname="LAPTOP-DN1A88SJ" name="project.framework.EcomTest08" tests="1" failures="0" timestamp="22 Feb 2019 04:07:25 GMT" time="45.292" errors="0">
  <testcase name="changeVerification" time="45.292" classname="project.framework.EcomTest08"/>
</testsuite> <!-- project.framework.EcomTest08 -->
